[0.843s] Invoking command in '/home/rob/rob_ws/src/py_pubsub': PYTHONPATH=/home/rob/rob_ws/build/py_pubsub/prefix_override:/home/rob/rob_ws/install/py_pubsub/lib/python3.10/site-packages:${PYTHONPATH} /usr/bin/python3 setup.py egg_info --egg-base ../../build/py_pubsub build --build-base /home/rob/rob_ws/build/py_pubsub/build install --record /home/rob/rob_ws/build/py_pubsub/install.log --single-version-externally-managed
[1.085s] running egg_info
[1.085s] writing ../../build/py_pubsub/py_pubsub.egg-info/PKG-INFO
[1.086s] writing dependency_links to ../../build/py_pubsub/py_pubsub.egg-info/dependency_links.txt
[1.086s] writing entry points to ../../build/py_pubsub/py_pubsub.egg-info/entry_points.txt
[1.086s] writing requirements to ../../build/py_pubsub/py_pubsub.egg-info/requires.txt
[1.086s] writing top-level names to ../../build/py_pubsub/py_pubsub.egg-info/top_level.txt
[1.088s] reading manifest file '../../build/py_pubsub/py_pubsub.egg-info/SOURCES.txt'
[1.089s] adding license file 'LICENSE'
[1.089s] writing manifest file '../../build/py_pubsub/py_pubsub.egg-info/SOURCES.txt'
[1.089s] running build
[1.089s] running build_py
[1.090s] running install
[1.090s] /usr/lib/python3/dist-packages/setuptools/command/install.py:34: SetuptoolsDeprecationWarning: setup.py install is deprecated. Use build and pip and other standards-based tools.
[1.090s]   warnings.warn(
[1.090s] running install_lib
[1.091s] running install_data
[1.092s] running install_egg_info
[1.093s] removing '/home/rob/rob_ws/install/py_pubsub/lib/python3.10/site-packages/py_pubsub-0.0.0-py3.10.egg-info' (and everything under it)
[1.094s] Copying ../../build/py_pubsub/py_pubsub.egg-info to /home/rob/rob_ws/install/py_pubsub/lib/python3.10/site-packages/py_pubsub-0.0.0-py3.10.egg-info
[1.095s] running install_scripts
[1.115s] Installing listener script to /home/rob/rob_ws/install/py_pubsub/lib/py_pubsub
[1.115s] Installing talker script to /home/rob/rob_ws/install/py_pubsub/lib/py_pubsub
[1.116s] writing list of installed files to '/home/rob/rob_ws/build/py_pubsub/install.log'
[1.140s] Invoked command in '/home/rob/rob_ws/src/py_pubsub' returned '0': PYTHONPATH=/home/rob/rob_ws/build/py_pubsub/prefix_override:/home/rob/rob_ws/install/py_pubsub/lib/python3.10/site-packages:${PYTHONPATH} /usr/bin/python3 setup.py egg_info --egg-base ../../build/py_pubsub build --build-base /home/rob/rob_ws/build/py_pubsub/build install --record /home/rob/rob_ws/build/py_pubsub/install.log --single-version-externally-managed
