running egg_info
creating ../../build/console/console.egg-info
writing ../../build/console/console.egg-info/PKG-INFO
writing dependency_links to ../../build/console/console.egg-info/dependency_links.txt
writing entry points to ../../build/console/console.egg-info/entry_points.txt
writing requirements to ../../build/console/console.egg-info/requires.txt
writing top-level names to ../../build/console/console.egg-info/top_level.txt
writing manifest file '../../build/console/console.egg-info/SOURCES.txt'
reading manifest file '../../build/console/console.egg-info/SOURCES.txt'
adding license file 'LICENSE'
writing manifest file '../../build/console/console.egg-info/SOURCES.txt'
running build
running build_py
creating /home/rob/rob_ws/build/console/build
creating /home/rob/rob_ws/build/console/build/lib
creating /home/rob/rob_ws/build/console/build/lib/console
copying console/button_member_function.py -> /home/rob/rob_ws/build/console/build/lib/console
copying console/panel_member_function.py -> /home/rob/rob_ws/build/console/build/lib/console
copying console/__init__.py -> /home/rob/rob_ws/build/console/build/lib/console
running install
running install_lib
creating /home/rob/rob_ws/install/console/lib/python3.10/site-packages/console
copying /home/rob/rob_ws/build/console/build/lib/console/button_member_function.py -> /home/rob/rob_ws/install/console/lib/python3.10/site-packages/console
copying /home/rob/rob_ws/build/console/build/lib/console/panel_member_function.py -> /home/rob/rob_ws/install/console/lib/python3.10/site-packages/console
copying /home/rob/rob_ws/build/console/build/lib/console/__init__.py -> /home/rob/rob_ws/install/console/lib/python3.10/site-packages/console
byte-compiling /home/rob/rob_ws/install/console/lib/python3.10/site-packages/console/button_member_function.py to button_member_function.cpython-310.pyc
byte-compiling /home/rob/rob_ws/install/console/lib/python3.10/site-packages/console/panel_member_function.py to panel_member_function.cpython-310.pyc
byte-compiling /home/rob/rob_ws/install/console/lib/python3.10/site-packages/console/__init__.py to __init__.cpython-310.pyc
running install_data
creating /home/rob/rob_ws/install/console/share/ament_index
creating /home/rob/rob_ws/install/console/share/ament_index/resource_index
creating /home/rob/rob_ws/install/console/share/ament_index/resource_index/packages
copying resource/console -> /home/rob/rob_ws/install/console/share/ament_index/resource_index/packages
copying package.xml -> /home/rob/rob_ws/install/console/share/console
running install_egg_info
Copying ../../build/console/console.egg-info to /home/rob/rob_ws/install/console/lib/python3.10/site-packages/console-0.0.0-py3.10.egg-info
running install_scripts
Installing buttons script to /home/rob/rob_ws/install/console/lib/console
Installing console script to /home/rob/rob_ws/install/console/lib/console
writing list of installed files to '/home/rob/rob_ws/build/console/install.log'
