[0.798s] Invoking command in '/home/rob/rob_ws/src/console': PYTHONPATH=/home/rob/rob_ws/build/console/prefix_override:/home/rob/rob_ws/install/console/lib/python3.10/site-packages:${PYTHONPATH} /usr/bin/python3 setup.py egg_info --egg-base ../../build/console build --build-base /home/rob/rob_ws/build/console/build install --record /home/rob/rob_ws/build/console/install.log --single-version-externally-managed
[1.029s] running egg_info
[1.030s] creating ../../build/console/console.egg-info
[1.030s] writing ../../build/console/console.egg-info/PKG-INFO
[1.030s] writing dependency_links to ../../build/console/console.egg-info/dependency_links.txt
[1.030s] writing entry points to ../../build/console/console.egg-info/entry_points.txt
[1.031s] writing requirements to ../../build/console/console.egg-info/requires.txt
[1.031s] writing top-level names to ../../build/console/console.egg-info/top_level.txt
[1.031s] writing manifest file '../../build/console/console.egg-info/SOURCES.txt'
[1.033s] reading manifest file '../../build/console/console.egg-info/SOURCES.txt'
[1.033s] adding license file 'LICENSE'
[1.034s] writing manifest file '../../build/console/console.egg-info/SOURCES.txt'
[1.034s] running build
[1.034s] running build_py
[1.035s] creating /home/rob/rob_ws/build/console/build
[1.035s] creating /home/rob/rob_ws/build/console/build/lib
[1.035s] creating /home/rob/rob_ws/build/console/build/lib/console
[1.035s] copying console/button_member_function.py -> /home/rob/rob_ws/build/console/build/lib/console
[1.035s] copying console/panel_member_function.py -> /home/rob/rob_ws/build/console/build/lib/console
[1.036s] copying console/__init__.py -> /home/rob/rob_ws/build/console/build/lib/console
[1.036s] running install
[1.036s] /usr/lib/python3/dist-packages/setuptools/command/install.py:34: SetuptoolsDeprecationWarning: setup.py install is deprecated. Use build and pip and other standards-based tools.
[1.036s]   warnings.warn(
[1.036s] running install_lib
[1.037s] creating /home/rob/rob_ws/install/console/lib/python3.10/site-packages/console
[1.037s] copying /home/rob/rob_ws/build/console/build/lib/console/button_member_function.py -> /home/rob/rob_ws/install/console/lib/python3.10/site-packages/console
[1.037s] copying /home/rob/rob_ws/build/console/build/lib/console/panel_member_function.py -> /home/rob/rob_ws/install/console/lib/python3.10/site-packages/console
[1.037s] copying /home/rob/rob_ws/build/console/build/lib/console/__init__.py -> /home/rob/rob_ws/install/console/lib/python3.10/site-packages/console
[1.038s] byte-compiling /home/rob/rob_ws/install/console/lib/python3.10/site-packages/console/button_member_function.py to button_member_function.cpython-310.pyc
[1.038s] byte-compiling /home/rob/rob_ws/install/console/lib/python3.10/site-packages/console/panel_member_function.py to panel_member_function.cpython-310.pyc
[1.039s] byte-compiling /home/rob/rob_ws/install/console/lib/python3.10/site-packages/console/__init__.py to __init__.cpython-310.pyc
[1.039s] running install_data
[1.039s] creating /home/rob/rob_ws/install/console/share/ament_index
[1.040s] creating /home/rob/rob_ws/install/console/share/ament_index/resource_index
[1.040s] creating /home/rob/rob_ws/install/console/share/ament_index/resource_index/packages
[1.040s] copying resource/console -> /home/rob/rob_ws/install/console/share/ament_index/resource_index/packages
[1.040s] copying package.xml -> /home/rob/rob_ws/install/console/share/console
[1.040s] running install_egg_info
[1.042s] Copying ../../build/console/console.egg-info to /home/rob/rob_ws/install/console/lib/python3.10/site-packages/console-0.0.0-py3.10.egg-info
[1.043s] running install_scripts
[1.063s] Installing buttons script to /home/rob/rob_ws/install/console/lib/console
[1.063s] Installing console script to /home/rob/rob_ws/install/console/lib/console
[1.063s] writing list of installed files to '/home/rob/rob_ws/build/console/install.log'
[1.089s] Invoked command in '/home/rob/rob_ws/src/console' returned '0': PYTHONPATH=/home/rob/rob_ws/build/console/prefix_override:/home/rob/rob_ws/install/console/lib/python3.10/site-packages:${PYTHONPATH} /usr/bin/python3 setup.py egg_info --egg-base ../../build/console build --build-base /home/rob/rob_ws/build/console/build install --record /home/rob/rob_ws/build/console/install.log --single-version-externally-managed
