[0.816s] Invoking command in '/home/rob/rob_ws/src/front_panel': PYTHONPATH=/home/rob/rob_ws/build/front_panel/prefix_override:/home/rob/rob_ws/install/front_panel/lib/python3.10/site-packages:${PYTHONPATH} /usr/bin/python3 setup.py egg_info --egg-base ../../build/front_panel build --build-base /home/rob/rob_ws/build/front_panel/build install --record /home/rob/rob_ws/build/front_panel/install.log --single-version-externally-managed
[1.051s] running egg_info
[1.051s] writing ../../build/front_panel/front_panel.egg-info/PKG-INFO
[1.052s] writing dependency_links to ../../build/front_panel/front_panel.egg-info/dependency_links.txt
[1.052s] writing entry points to ../../build/front_panel/front_panel.egg-info/entry_points.txt
[1.052s] writing requirements to ../../build/front_panel/front_panel.egg-info/requires.txt
[1.052s] writing top-level names to ../../build/front_panel/front_panel.egg-info/top_level.txt
[1.054s] reading manifest file '../../build/front_panel/front_panel.egg-info/SOURCES.txt'
[1.054s] adding license file 'LICENSE'
[1.055s] writing manifest file '../../build/front_panel/front_panel.egg-info/SOURCES.txt'
[1.055s] running build
[1.055s] running build_py
[1.055s] running install
[1.056s] /usr/lib/python3/dist-packages/setuptools/command/install.py:34: SetuptoolsDeprecationWarning: setup.py install is deprecated. Use build and pip and other standards-based tools.
[1.056s]   warnings.warn(
[1.056s] running install_lib
[1.057s] running install_data
[1.058s] running install_egg_info
[1.060s] removing '/home/rob/rob_ws/install/front_panel/lib/python3.10/site-packages/front_panel-0.0.0-py3.10.egg-info' (and everything under it)
[1.060s] Copying ../../build/front_panel/front_panel.egg-info to /home/rob/rob_ws/install/front_panel/lib/python3.10/site-packages/front_panel-0.0.0-py3.10.egg-info
[1.061s] running install_scripts
[1.081s] Installing buttons script to /home/rob/rob_ws/install/front_panel/lib/front_panel
[1.081s] Installing console script to /home/rob/rob_ws/install/front_panel/lib/front_panel
[1.082s] writing list of installed files to '/home/rob/rob_ws/build/front_panel/install.log'
[1.103s] Invoked command in '/home/rob/rob_ws/src/front_panel' returned '0': PYTHONPATH=/home/rob/rob_ws/build/front_panel/prefix_override:/home/rob/rob_ws/install/front_panel/lib/python3.10/site-packages:${PYTHONPATH} /usr/bin/python3 setup.py egg_info --egg-base ../../build/front_panel build --build-base /home/rob/rob_ws/build/front_panel/build install --record /home/rob/rob_ws/build/front_panel/install.log --single-version-externally-managed
