[1.235s] DEBUG:colcon:Command line arguments: ['/usr/bin/colcon', 'build', '--packages-select', 'front_panel']
[1.236s] DEBUG:colcon:Parsed command line arguments: Namespace(log_base=None, log_level=None, verb_name='build', build_base='build', install_base='install', merge_install=False, symlink_install=False, test_result_base=None, continue_on_error=False, executor='parallel', parallel_workers=8, event_handlers=None, ignore_user_meta=False, metas=['./colcon.meta'], base_paths=['.'], packages_ignore=None, packages_ignore_regex=None, paths=None, packages_up_to=None, packages_up_to_regex=None, packages_above=None, packages_above_and_dependencies=None, packages_above_depth=None, packages_select_by_dep=None, packages_skip_by_dep=None, packages_skip_up_to=None, packages_select_build_failed=False, packages_skip_build_finished=False, packages_select_test_failures=False, packages_skip_test_passed=False, packages_select=['front_panel'], packages_skip=None, packages_select_regex=None, packages_skip_regex=None, packages_start=None, packages_end=None, allow_overriding=[], cmake_args=None, cmake_target=None, cmake_target_skip_unavailable=False, cmake_clean_cache=False, cmake_clean_first=False, cmake_force_configure=False, ament_cmake_args=None, catkin_cmake_args=None, catkin_skip_building_tests=False, verb_parser=<colcon_defaults.argument_parser.defaults.DefaultArgumentsDecorator object at 0x7f86010f16f0>, verb_extension=<colcon_core.verb.build.BuildVerb object at 0x7f86022fff10>, main=<bound method BuildVerb.main of <colcon_core.verb.build.BuildVerb object at 0x7f86022fff10>>)
[1.292s] Level 1:colcon.colcon_core.package_discovery:discover_packages(colcon_meta) check parameters
[1.292s] Level 1:colcon.colcon_core.package_discovery:discover_packages(recursive) check parameters
[1.292s] Level 1:colcon.colcon_core.package_discovery:discover_packages(ignore) check parameters
[1.292s] Level 1:colcon.colcon_core.package_discovery:discover_packages(path) check parameters
[1.292s] Level 1:colcon.colcon_core.package_discovery:discover_packages(colcon_meta) discover
[1.292s] Level 1:colcon.colcon_core.package_discovery:discover_packages(recursive) discover
[1.292s] INFO:colcon.colcon_core.package_discovery:Crawling recursively for packages in '/home/rob/rob_ws'
[1.292s] Level 1:colcon.colcon_core.package_identification:_identify(.) by extensions ['ignore', 'ignore_ament_install']
[1.292s] Level 1:colcon.colcon_core.package_identification:_identify(.) by extension 'ignore'
[1.293s] Level 1:colcon.colcon_core.package_identification:_identify(.) by extension 'ignore_ament_install'
[1.293s] Level 1:colcon.colcon_core.package_identification:_identify(.) by extensions ['colcon_pkg']
[1.293s] Level 1:colcon.colcon_core.package_identification:_identify(.) by extension 'colcon_pkg'
[1.293s] Level 1:colcon.colcon_core.package_identification:_identify(.) by extensions ['colcon_meta']
[1.293s] Level 1:colcon.colcon_core.package_identification:_identify(.) by extension 'colcon_meta'
[1.293s] Level 1:colcon.colcon_core.package_identification:_identify(.) by extensions ['ros']
[1.293s] Level 1:colcon.colcon_core.package_identification:_identify(.) by extension 'ros'
[1.304s] Level 1:colcon.colcon_core.package_identification:_identify(.) by extensions ['cmake', 'python']
[1.304s] Level 1:colcon.colcon_core.package_identification:_identify(.) by extension 'cmake'
[1.304s] Level 1:colcon.colcon_core.package_identification:_identify(.) by extension 'python'
[1.304s] Level 1:colcon.colcon_core.package_identification:_identify(.) by extensions ['python_setup_py']
[1.304s] Level 1:colcon.colcon_core.package_identification:_identify(.) by extension 'python_setup_py'
[1.305s] Level 1:colcon.colcon_core.package_identification:_identify(build) by extensions ['ignore', 'ignore_ament_install']
[1.305s] Level 1:colcon.colcon_core.package_identification:_identify(build) by extension 'ignore'
[1.305s] Level 1:colcon.colcon_core.package_identification:_identify(build) ignored
[1.305s] Level 1:colcon.colcon_core.package_identification:_identify(install) by extensions ['ignore', 'ignore_ament_install']
[1.305s] Level 1:colcon.colcon_core.package_identification:_identify(install) by extension 'ignore'
[1.305s] Level 1:colcon.colcon_core.package_identification:_identify(install) ignored
[1.305s] Level 1:colcon.colcon_core.package_identification:_identify(log) by extensions ['ignore', 'ignore_ament_install']
[1.305s] Level 1:colcon.colcon_core.package_identification:_identify(log) by extension 'ignore'
[1.306s] Level 1:colcon.colcon_core.package_identification:_identify(log) ignored
[1.306s] Level 1:colcon.colcon_core.package_identification:_identify(src) by extensions ['ignore', 'ignore_ament_install']
[1.306s] Level 1:colcon.colcon_core.package_identification:_identify(src) by extension 'ignore'
[1.306s] Level 1:colcon.colcon_core.package_identification:_identify(src) by extension 'ignore_ament_install'
[1.306s] Level 1:colcon.colcon_core.package_identification:_identify(src) by extensions ['colcon_pkg']
[1.306s] Level 1:colcon.colcon_core.package_identification:_identify(src) by extension 'colcon_pkg'
[1.306s] Level 1:colcon.colcon_core.package_identification:_identify(src) by extensions ['colcon_meta']
[1.306s] Level 1:colcon.colcon_core.package_identification:_identify(src) by extension 'colcon_meta'
[1.306s] Level 1:colcon.colcon_core.package_identification:_identify(src) by extensions ['ros']
[1.306s] Level 1:colcon.colcon_core.package_identification:_identify(src) by extension 'ros'
[1.306s] Level 1:colcon.colcon_core.package_identification:_identify(src) by extensions ['cmake', 'python']
[1.306s] Level 1:colcon.colcon_core.package_identification:_identify(src) by extension 'cmake'
[1.306s] Level 1:colcon.colcon_core.package_identification:_identify(src) by extension 'python'
[1.306s] Level 1:colcon.colcon_core.package_identification:_identify(src) by extensions ['python_setup_py']
[1.307s] Level 1:colcon.colcon_core.package_identification:_identify(src) by extension 'python_setup_py'
[1.307s] Level 1:colcon.colcon_core.package_identification:_identify(src/button_package) by extensions ['ignore', 'ignore_ament_install']
[1.307s] Level 1:colcon.colcon_core.package_identification:_identify(src/button_package) by extension 'ignore'
[1.307s] Level 1:colcon.colcon_core.package_identification:_identify(src/button_package) by extension 'ignore_ament_install'
[1.307s] Level 1:colcon.colcon_core.package_identification:_identify(src/button_package) by extensions ['colcon_pkg']
[1.307s] Level 1:colcon.colcon_core.package_identification:_identify(src/button_package) by extension 'colcon_pkg'
[1.307s] Level 1:colcon.colcon_core.package_identification:_identify(src/button_package) by extensions ['colcon_meta']
[1.307s] Level 1:colcon.colcon_core.package_identification:_identify(src/button_package) by extension 'colcon_meta'
[1.307s] Level 1:colcon.colcon_core.package_identification:_identify(src/button_package) by extensions ['ros']
[1.307s] Level 1:colcon.colcon_core.package_identification:_identify(src/button_package) by extension 'ros'
[1.310s] DEBUG:colcon.colcon_core.package_identification:Package 'src/button_package' with type 'ros.ament_python' and name 'button_package'
[1.310s] Level 1:colcon.colcon_core.package_identification:_identify(src/console) by extensions ['ignore', 'ignore_ament_install']
[1.310s] Level 1:colcon.colcon_core.package_identification:_identify(src/console) by extension 'ignore'
[1.310s] Level 1:colcon.colcon_core.package_identification:_identify(src/console) by extension 'ignore_ament_install'
[1.310s] Level 1:colcon.colcon_core.package_identification:_identify(src/console) by extensions ['colcon_pkg']
[1.310s] Level 1:colcon.colcon_core.package_identification:_identify(src/console) by extension 'colcon_pkg'
[1.310s] Level 1:colcon.colcon_core.package_identification:_identify(src/console) by extensions ['colcon_meta']
[1.310s] Level 1:colcon.colcon_core.package_identification:_identify(src/console) by extension 'colcon_meta'
[1.310s] Level 1:colcon.colcon_core.package_identification:_identify(src/console) by extensions ['ros']
[1.310s] Level 1:colcon.colcon_core.package_identification:_identify(src/console) by extension 'ros'
[1.311s] DEBUG:colcon.colcon_core.package_identification:Package 'src/console' with type 'ros.ament_python' and name 'console'
[1.311s] Level 1:colcon.colcon_core.package_identification:_identify(src/front_panel) by extensions ['ignore', 'ignore_ament_install']
[1.311s] Level 1:colcon.colcon_core.package_identification:_identify(src/front_panel) by extension 'ignore'
[1.311s] Level 1:colcon.colcon_core.package_identification:_identify(src/front_panel) by extension 'ignore_ament_install'
[1.311s] Level 1:colcon.colcon_core.package_identification:_identify(src/front_panel) by extensions ['colcon_pkg']
[1.311s] Level 1:colcon.colcon_core.package_identification:_identify(src/front_panel) by extension 'colcon_pkg'
[1.311s] Level 1:colcon.colcon_core.package_identification:_identify(src/front_panel) by extensions ['colcon_meta']
[1.312s] Level 1:colcon.colcon_core.package_identification:_identify(src/front_panel) by extension 'colcon_meta'
[1.312s] Level 1:colcon.colcon_core.package_identification:_identify(src/front_panel) by extensions ['ros']
[1.312s] Level 1:colcon.colcon_core.package_identification:_identify(src/front_panel) by extension 'ros'
[1.312s] DEBUG:colcon.colcon_core.package_identification:Package 'src/front_panel' with type 'ros.ament_python' and name 'front_panel'
[1.312s] Level 1:colcon.colcon_core.package_identification:_identify(src/py_pubsub) by extensions ['ignore', 'ignore_ament_install']
[1.313s] Level 1:colcon.colcon_core.package_identification:_identify(src/py_pubsub) by extension 'ignore'
[1.313s] Level 1:colcon.colcon_core.package_identification:_identify(src/py_pubsub) by extension 'ignore_ament_install'
[1.313s] Level 1:colcon.colcon_core.package_identification:_identify(src/py_pubsub) by extensions ['colcon_pkg']
[1.313s] Level 1:colcon.colcon_core.package_identification:_identify(src/py_pubsub) by extension 'colcon_pkg'
[1.313s] Level 1:colcon.colcon_core.package_identification:_identify(src/py_pubsub) by extensions ['colcon_meta']
[1.313s] Level 1:colcon.colcon_core.package_identification:_identify(src/py_pubsub) by extension 'colcon_meta'
[1.313s] Level 1:colcon.colcon_core.package_identification:_identify(src/py_pubsub) by extensions ['ros']
[1.313s] Level 1:colcon.colcon_core.package_identification:_identify(src/py_pubsub) by extension 'ros'
[1.314s] DEBUG:colcon.colcon_core.package_identification:Package 'src/py_pubsub' with type 'ros.ament_python' and name 'py_pubsub'
[1.314s] Level 1:colcon.colcon_core.package_discovery:discover_packages(recursive) using defaults
[1.314s] Level 1:colcon.colcon_core.package_discovery:discover_packages(ignore) discover
[1.314s] Level 1:colcon.colcon_core.package_discovery:discover_packages(ignore) using defaults
[1.314s] Level 1:colcon.colcon_core.package_discovery:discover_packages(path) discover
[1.314s] Level 1:colcon.colcon_core.package_discovery:discover_packages(path) using defaults
[1.385s] INFO:colcon.colcon_core.package_selection:Skipping not selected package 'button_package' in 'src/button_package'
[1.386s] INFO:colcon.colcon_core.package_selection:Skipping not selected package 'console' in 'src/console'
[1.386s] INFO:colcon.colcon_core.package_selection:Skipping not selected package 'py_pubsub' in 'src/py_pubsub'
[1.414s] Level 1:colcon.colcon_core.package_discovery:discover_packages(prefix_path) check parameters
[1.414s] Level 1:colcon.colcon_core.package_discovery:discover_packages(prefix_path) discover
[1.443s] DEBUG:colcon.colcon_installed_package_information.package_discovery:Found 3 installed packages in /home/rob/rob_ws/install
[1.458s] DEBUG:colcon.colcon_installed_package_information.package_discovery:Found 1 installed packages in /home/rob/litterpicker_ws/install
[1.472s] DEBUG:colcon.colcon_installed_package_information.package_discovery:Found 23 installed packages in /home/rob/ros2_ws/install
[1.487s] DEBUG:colcon.colcon_installed_package_information.package_discovery:Found 282 installed packages in /opt/ros/iron
[1.490s] Level 1:colcon.colcon_core.package_discovery:discover_packages(prefix_path) using defaults
[1.571s] Level 5:colcon.colcon_core.verb:set package 'front_panel' build argument 'cmake_args' from command line to 'None'
[1.571s] Level 5:colcon.colcon_core.verb:set package 'front_panel' build argument 'cmake_target' from command line to 'None'
[1.571s] Level 5:colcon.colcon_core.verb:set package 'front_panel' build argument 'cmake_target_skip_unavailable' from command line to 'False'
[1.571s] Level 5:colcon.colcon_core.verb:set package 'front_panel' build argument 'cmake_clean_cache' from command line to 'False'
[1.571s] Level 5:colcon.colcon_core.verb:set package 'front_panel' build argument 'cmake_clean_first' from command line to 'False'
[1.571s] Level 5:colcon.colcon_core.verb:set package 'front_panel' build argument 'cmake_force_configure' from command line to 'False'
[1.571s] Level 5:colcon.colcon_core.verb:set package 'front_panel' build argument 'ament_cmake_args' from command line to 'None'
[1.571s] Level 5:colcon.colcon_core.verb:set package 'front_panel' build argument 'catkin_cmake_args' from command line to 'None'
[1.571s] Level 5:colcon.colcon_core.verb:set package 'front_panel' build argument 'catkin_skip_building_tests' from command line to 'False'
[1.571s] DEBUG:colcon.colcon_core.verb:Building package 'front_panel' with the following arguments: {'ament_cmake_args': None, 'build_base': '/home/rob/rob_ws/build/front_panel', 'catkin_cmake_args': None, 'catkin_skip_building_tests': False, 'cmake_args': None, 'cmake_clean_cache': False, 'cmake_clean_first': False, 'cmake_force_configure': False, 'cmake_target': None, 'cmake_target_skip_unavailable': False, 'install_base': '/home/rob/rob_ws/install/front_panel', 'merge_install': False, 'path': '/home/rob/rob_ws/src/front_panel', 'symlink_install': False, 'test_result_base': None}
[1.585s] INFO:colcon.colcon_core.executor:Executing jobs using 'parallel' executor
[1.600s] DEBUG:colcon.colcon_parallel_executor.executor.parallel:run_until_complete
[1.600s] INFO:colcon.colcon_ros.task.ament_python.build:Building ROS package in '/home/rob/rob_ws/src/front_panel' with build type 'ament_python'
[1.600s] Level 1:colcon.colcon_core.shell:create_environment_hook('front_panel', 'ament_prefix_path')
[1.617s] INFO:colcon.colcon_core.plugin_system:Skipping extension 'colcon_core.shell.bat': Not used on non-Windows systems
[1.617s] INFO:colcon.colcon_core.shell:Creating environment hook '/home/rob/rob_ws/install/front_panel/share/front_panel/hook/ament_prefix_path.ps1'
[1.618s] INFO:colcon.colcon_core.shell:Creating environment descriptor '/home/rob/rob_ws/install/front_panel/share/front_panel/hook/ament_prefix_path.dsv'
[1.618s] INFO:colcon.colcon_core.shell:Creating environment hook '/home/rob/rob_ws/install/front_panel/share/front_panel/hook/ament_prefix_path.sh'
[1.633s] INFO:colcon.colcon_core.shell:Skip shell extension 'powershell' for command environment: Not usable outside of PowerShell
[1.633s] DEBUG:colcon.colcon_core.shell:Skip shell extension 'dsv' for command environment
[1.978s] INFO:colcon.colcon_core.task.python.build:Building Python package in '/home/rob/rob_ws/src/front_panel'
[1.993s] INFO:colcon.colcon_core.shell:Skip shell extension 'powershell' for command environment: Not usable outside of PowerShell
[1.994s] DEBUG:colcon.colcon_core.shell:Skip shell extension 'dsv' for command environment
[2.395s] DEBUG:colcon.colcon_core.event_handler.log_command:Invoking command in '/home/rob/rob_ws/src/front_panel': PYTHONPATH=/home/rob/rob_ws/build/front_panel/prefix_override:/home/rob/rob_ws/install/front_panel/lib/python3.10/site-packages:${PYTHONPATH} /usr/bin/python3 setup.py egg_info --egg-base ../../build/front_panel build --build-base /home/rob/rob_ws/build/front_panel/build install --record /home/rob/rob_ws/build/front_panel/install.log --single-version-externally-managed
[2.701s] DEBUG:colcon.colcon_core.event_handler.log_command:Invoked command in '/home/rob/rob_ws/src/front_panel' returned '0': PYTHONPATH=/home/rob/rob_ws/build/front_panel/prefix_override:/home/rob/rob_ws/install/front_panel/lib/python3.10/site-packages:${PYTHONPATH} /usr/bin/python3 setup.py egg_info --egg-base ../../build/front_panel build --build-base /home/rob/rob_ws/build/front_panel/build install --record /home/rob/rob_ws/build/front_panel/install.log --single-version-externally-managed
[2.721s] Level 1:colcon.colcon_core.environment:checking '/home/rob/rob_ws/install/front_panel' for CMake module files
[2.721s] Level 1:colcon.colcon_core.environment:checking '/home/rob/rob_ws/install/front_panel' for CMake config files
[2.722s] Level 1:colcon.colcon_core.environment:checking '/home/rob/rob_ws/install/front_panel/lib'
[2.722s] Level 1:colcon.colcon_core.environment:checking '/home/rob/rob_ws/install/front_panel/bin'
[2.722s] Level 1:colcon.colcon_core.environment:checking '/home/rob/rob_ws/install/front_panel/lib/pkgconfig/front_panel.pc'
[2.723s] Level 1:colcon.colcon_core.environment:checking '/home/rob/rob_ws/install/front_panel/lib/python3.10/site-packages'
[2.723s] Level 1:colcon.colcon_core.shell:create_environment_hook('front_panel', 'pythonpath')
[2.738s] INFO:colcon.colcon_core.shell:Creating environment hook '/home/rob/rob_ws/install/front_panel/share/front_panel/hook/pythonpath.ps1'
[2.739s] INFO:colcon.colcon_core.shell:Creating environment descriptor '/home/rob/rob_ws/install/front_panel/share/front_panel/hook/pythonpath.dsv'
[2.739s] INFO:colcon.colcon_core.shell:Creating environment hook '/home/rob/rob_ws/install/front_panel/share/front_panel/hook/pythonpath.sh'
[2.739s] Level 1:colcon.colcon_core.environment:checking '/home/rob/rob_ws/install/front_panel/bin'
[2.739s] Level 1:colcon.colcon_core.environment:create_environment_scripts_only(front_panel)
[2.754s] INFO:colcon.colcon_core.shell:Creating package script '/home/rob/rob_ws/install/front_panel/share/front_panel/package.ps1'
[2.755s] INFO:colcon.colcon_core.shell:Creating package descriptor '/home/rob/rob_ws/install/front_panel/share/front_panel/package.dsv'
[2.756s] INFO:colcon.colcon_core.shell:Creating package script '/home/rob/rob_ws/install/front_panel/share/front_panel/package.sh'
[2.756s] INFO:colcon.colcon_core.shell:Creating package script '/home/rob/rob_ws/install/front_panel/share/front_panel/package.bash'
[2.757s] INFO:colcon.colcon_core.shell:Creating package script '/home/rob/rob_ws/install/front_panel/share/front_panel/package.zsh'
[2.759s] Level 1:colcon.colcon_core.environment:create_file_with_runtime_dependencies(/home/rob/rob_ws/install/front_panel/share/colcon-core/packages/front_panel)
[2.759s] DEBUG:colcon.colcon_parallel_executor.executor.parallel:closing loop
[2.760s] DEBUG:colcon.colcon_parallel_executor.executor.parallel:loop closed
[2.760s] DEBUG:colcon.colcon_parallel_executor.executor.parallel:run_until_complete finished with '0'
[2.760s] DEBUG:colcon.colcon_core.event_reactor:joining thread
[2.857s] INFO:colcon.colcon_core.plugin_system:Skipping extension 'colcon_notification.desktop_notification.notify_send': Could not find 'notify-send'
[2.857s] INFO:colcon.colcon_core.plugin_system:Skipping extension 'colcon_notification.desktop_notification.terminal_notifier': Not used on non-Darwin systems
[2.857s] INFO:colcon.colcon_core.plugin_system:Skipping extension 'colcon_notification.desktop_notification.win32': Not used on non-Windows systems
[2.857s] INFO:colcon.colcon_notification.desktop_notification:Sending desktop notification using 'notify2'
[2.857s] DEBUG:colcon.colcon_notification.desktop_notification.notify2:Failed to initialize notify2: org.freedesktop.DBus.Error.FileNotFound: Failed to connect to socket /run/user/1000/bus: No such file or directory
[2.857s] DEBUG:colcon.colcon_core.event_reactor:joined thread
[2.872s] INFO:colcon.colcon_core.shell:Creating prefix script '/home/rob/rob_ws/install/local_setup.ps1'
[2.873s] INFO:colcon.colcon_core.shell:Creating prefix util module '/home/rob/rob_ws/install/_local_setup_util_ps1.py'
[2.874s] INFO:colcon.colcon_core.shell:Creating prefix chain script '/home/rob/rob_ws/install/setup.ps1'
[2.890s] INFO:colcon.colcon_core.shell:Creating prefix script '/home/rob/rob_ws/install/local_setup.sh'
[2.891s] INFO:colcon.colcon_core.shell:Creating prefix util module '/home/rob/rob_ws/install/_local_setup_util_sh.py'
[2.891s] INFO:colcon.colcon_core.shell:Creating prefix chain script '/home/rob/rob_ws/install/setup.sh'
[2.908s] INFO:colcon.colcon_core.shell:Creating prefix script '/home/rob/rob_ws/install/local_setup.bash'
[2.908s] INFO:colcon.colcon_core.shell:Creating prefix chain script '/home/rob/rob_ws/install/setup.bash'
[2.925s] INFO:colcon.colcon_core.shell:Creating prefix script '/home/rob/rob_ws/install/local_setup.zsh'
[2.925s] INFO:colcon.colcon_core.shell:Creating prefix chain script '/home/rob/rob_ws/install/setup.zsh'
