running egg_info
creating ../../build/front_panel/console.egg-info
writing ../../build/front_panel/console.egg-info/PKG-INFO
writing dependency_links to ../../build/front_panel/console.egg-info/dependency_links.txt
writing entry points to ../../build/front_panel/console.egg-info/entry_points.txt
writing requirements to ../../build/front_panel/console.egg-info/requires.txt
writing top-level names to ../../build/front_panel/console.egg-info/top_level.txt
writing manifest file '../../build/front_panel/console.egg-info/SOURCES.txt'
reading manifest file '../../build/front_panel/console.egg-info/SOURCES.txt'
adding license file 'LICENSE'
writing manifest file '../../build/front_panel/console.egg-info/SOURCES.txt'
running build
running build_py
creating /home/rob/rob_ws/build/front_panel/build
creating /home/rob/rob_ws/build/front_panel/build/lib
creating /home/rob/rob_ws/build/front_panel/build/lib/console
copying console/button_member_function.py -> /home/rob/rob_ws/build/front_panel/build/lib/console
copying console/panel_member_function.py -> /home/rob/rob_ws/build/front_panel/build/lib/console
copying console/__init__.py -> /home/rob/rob_ws/build/front_panel/build/lib/console
running install
running install_lib
creating /home/rob/rob_ws/install/front_panel/lib/python3.10/site-packages/console
copying /home/rob/rob_ws/build/front_panel/build/lib/console/button_member_function.py -> /home/rob/rob_ws/install/front_panel/lib/python3.10/site-packages/console
copying /home/rob/rob_ws/build/front_panel/build/lib/console/panel_member_function.py -> /home/rob/rob_ws/install/front_panel/lib/python3.10/site-packages/console
copying /home/rob/rob_ws/build/front_panel/build/lib/console/__init__.py -> /home/rob/rob_ws/install/front_panel/lib/python3.10/site-packages/console
byte-compiling /home/rob/rob_ws/install/front_panel/lib/python3.10/site-packages/console/button_member_function.py to button_member_function.cpython-310.pyc
byte-compiling /home/rob/rob_ws/install/front_panel/lib/python3.10/site-packages/console/panel_member_function.py to panel_member_function.cpython-310.pyc
byte-compiling /home/rob/rob_ws/install/front_panel/lib/python3.10/site-packages/console/__init__.py to __init__.cpython-310.pyc
running install_data
