running egg_info
writing ../../build/front_panel/front_panel.egg-info/PKG-INFO
writing dependency_links to ../../build/front_panel/front_panel.egg-info/dependency_links.txt
writing entry points to ../../build/front_panel/front_panel.egg-info/entry_points.txt
writing requirements to ../../build/front_panel/front_panel.egg-info/requires.txt
writing top-level names to ../../build/front_panel/front_panel.egg-info/top_level.txt
reading manifest file '../../build/front_panel/front_panel.egg-info/SOURCES.txt'
adding license file 'LICENSE'
writing manifest file '../../build/front_panel/front_panel.egg-info/SOURCES.txt'
running build
running build_py
copying front_panel/display_member_function.py -> /home/rob/rob_ws/build/front_panel/build/lib/front_panel
running install
/usr/lib/python3/dist-packages/setuptools/command/install.py:34: SetuptoolsDeprecationWarning: setup.py install is deprecated. Use build and pip and other standards-based tools.
  warnings.warn(
running install_lib
copying /home/rob/rob_ws/build/front_panel/build/lib/front_panel/display_member_function.py -> /home/rob/rob_ws/install/front_panel/lib/python3.10/site-packages/front_panel
byte-compiling /home/rob/rob_ws/install/front_panel/lib/python3.10/site-packages/front_panel/display_member_function.py to display_member_function.cpython-310.pyc
running install_data
running install_egg_info
removing '/home/rob/rob_ws/install/front_panel/lib/python3.10/site-packages/front_panel-0.0.0-py3.10.egg-info' (and everything under it)
Copying ../../build/front_panel/front_panel.egg-info to /home/rob/rob_ws/install/front_panel/lib/python3.10/site-packages/front_panel-0.0.0-py3.10.egg-info
running install_scripts
Installing buttons script to /home/rob/rob_ws/install/front_panel/lib/front_panel
Installing display script to /home/rob/rob_ws/install/front_panel/lib/front_panel
writing list of installed files to '/home/rob/rob_ws/build/front_panel/install.log'
